[0mGET /blog-add [36m304 [0m308.431 ms - -[0m
[0mGET /stylesheets/style.css [36m304 [0m1.577 ms - -[0m
[0mGET / [36m304 [0m15.647 ms - -[0m
[0mGET /stylesheets/style.css [36m304 [0m0.497 ms - -[0m
[0mGET /stylesheets/style.css [36m304 [0m0.633 ms - -[0m
[0mGET / [32m200 [0m17.290 ms - 379[0m
[0mGET /stylesheets/style.css [32m200 [0m2.434 ms - 318[0m
[0mGET / [36m304 [0m16.066 ms - -[0m
[0mGET /stylesheets/style.css [32m200 [0m0.824 ms - 306[0m
[0mGET / [36m304 [0m15.912 ms - -[0m
[0mGET /stylesheets/style.css [32m200 [0m1.250 ms - 286[0m
[0mGET / [36m304 [0m16.545 ms - -[0m
[0mGET /stylesheets/style.css [32m200 [0m0.439 ms - 305[0m
[0mGET / [36m304 [0m12.199 ms - -[0m
[0mGET /stylesheets/style.css [32m200 [0m0.395 ms - 290[0m
[0mGET / [36m304 [0m15.229 ms - -[0m
[0mGET /stylesheets/style.css [32m200 [0m0.453 ms - 290[0m
[0mGET / [36m304 [0m16.316 ms - -[0m
[0mGET /stylesheets/style.css [32m200 [0m0.472 ms - 325[0m
[0mGET / [36m304 [0m18.695 ms - -[0m
[0mGET /stylesheets/style.css [32m200 [0m0.450 ms - 363[0m
[0mGET / [36m304 [0m25.632 ms - -[0m
[0mGET /stylesheets/style.css [32m200 [0m0.516 ms - 363[0m
[0mGET / [36m304 [0m15.123 ms - -[0m
[0mGET /stylesheets/style.css [32m200 [0m0.547 ms - 363[0m
[0mGET / [36m304 [0m9.975 ms - -[0m
[0mGET /stylesheets/style.css [32m200 [0m0.525 ms - 341[0m
[0mGET / [36m304 [0m9.112 ms - -[0m
[0mGET /stylesheets/style.css [32m200 [0m0.456 ms - 363[0m
[0mGET /blog-list [32m200 [0m20.981 ms - 364[0m
[0mGET /stylesheets/style.css [36m304 [0m0.240 ms - -[0m
[0mGET /blog-add [32m200 [0m14.019 ms - 352[0m
[0mGET /stylesheets/style.css [36m304 [0m0.289 ms - -[0m
[0mGET / [36m304 [0m13.495 ms - -[0m
[0mGET /stylesheets/style.css [36m304 [0m0.303 ms - -[0m
[0mGET / [32m200 [0m12.495 ms - 366[0m
[0mGET /stylesheets/style.css [32m200 [0m0.460 ms - 363[0m
[0mGET / [32m200 [0m11.800 ms - 386[0m
[0mGET /stylesheets/style.css [36m304 [0m0.344 ms - -[0m
[0mGET / [32m200 [0m18.323 ms - 402[0m
[0mGET /stylesheets/style.css [32m200 [0m0.479 ms - 377[0m
[0mGET / [36m304 [0m25.597 ms - -[0m
[0mGET /stylesheets/style.css [32m200 [0m0.473 ms - 520[0m
[0mGET / [36m304 [0m14.897 ms - -[0m
[0mGET /stylesheets/style.css [32m200 [0m0.371 ms - 550[0m
[0mGET /stylesheets/style.css [32m200 [0m0.485 ms - 523[0m
[0mGET / [32m200 [0m10.860 ms - 402[0m
[0mGET / [32m200 [0m11.357 ms - 402[0m
[0mGET / [32m200 [0m20.148 ms - 402[0m
[0mGET / [32m200 [0m12.646 ms - 402[0m
[0mGET / [32m200 [0m7.199 ms - 402[0m
[0mGET / [32m200 [0m22.745 ms - 402[0m
[0mGET / [32m200 [0m23.534 ms - 402[0m
[0mGET / [32m200 [0m9.151 ms - 402[0m
[0mGET / [32m200 [0m12.601 ms - 402[0m
[0mGET / [32m200 [0m12.115 ms - 402[0m
[0mGET / [32m200 [0m13.318 ms - 402[0m
[0mGET / [32m200 [0m16.335 ms - 413[0m
[0mGET / [32m200 [0m12.006 ms - 413[0m
[0mGET /stylesheets/style.css [32m200 [0m0.462 ms - 556[0m
[0mGET / [32m200 [0m14.375 ms - 413[0m
[0mGET / [36m304 [0m22.885 ms - -[0m
[0mGET /stylesheets/style.css [32m200 [0m0.503 ms - 541[0m
[0mGET / [36m304 [0m13.849 ms - -[0m
[0mGET /stylesheets/style.css [32m200 [0m0.546 ms - 567[0m
[0mGET / [36m304 [0m7.504 ms - -[0m
[0mGET /stylesheets/style.css [32m200 [0m0.524 ms - 566[0m
[0mGET /stylesheets/style.css [36m304 [0m0.288 ms - -[0m
[0mGET / [36m304 [0m6.754 ms - -[0m
[0mGET /stylesheets/style.css [32m200 [0m0.498 ms - 565[0m
[0mGET / [32m200 [0m10.879 ms - 468[0m
[0mGET /stylesheets/style.css [32m200 [0m0.479 ms - 539[0m
[0mGET / [36m304 [0m9.215 ms - -[0m
[0mGET /stylesheets/style.css [32m200 [0m0.402 ms - 603[0m
[0mGET / [36m304 [0m8.310 ms - -[0m
[0mGET /stylesheets/style.css [32m200 [0m0.486 ms - 597[0m
[0mGET / [36m304 [0m6.898 ms - -[0m
[0mGET /stylesheets/style.css [36m304 [0m0.314 ms - -[0m
[0mGET / [32m200 [0m15.632 ms - 468[0m
[0mGET / [36m304 [0m8.705 ms - -[0m
[0mGET /stylesheets/style.css [32m200 [0m0.380 ms - 678[0m
[0mGET / [36m304 [0m10.389 ms - -[0m
[0mGET /stylesheets/style.css [32m200 [0m0.524 ms - 698[0m
[0mGET / [32m200 [0m8.976 ms - 468[0m
[0mGET /stylesheets/style.css [32m200 [0m0.502 ms - 698[0m
[0mGET /favicon.ico [33m404 [0m5.176 ms - 910[0m
[0mGET /stylesheets/style.css [32m200 [0m0.639 ms - 698[0m
[0mGET / [36m304 [0m8.965 ms - -[0m
[0mGET /stylesheets/style.css [32m200 [0m0.453 ms - 698[0m
[0mGET / [36m304 [0m9.222 ms - -[0m
[0mGET /stylesheets/style.css [32m200 [0m0.472 ms - 688[0m
[0mGET / [36m304 [0m9.297 ms - -[0m
[0mGET /stylesheets/style.css [32m200 [0m0.378 ms - 687[0m
[0mGET / [36m304 [0m7.980 ms - -[0m
[0mGET /stylesheets/style.css [32m200 [0m0.476 ms - 688[0m
[0mGET / [36m304 [0m7.797 ms - -[0m
[0mGET /stylesheets/style.css [32m200 [0m0.478 ms - 691[0m
[0mGET /stylesheets/style.css [36m304 [0m0.399 ms - -[0m
[0mGET / [36m304 [0m11.372 ms - -[0m
[0mGET /stylesheets/style.css [32m200 [0m0.479 ms - 690[0m
[0mGET / [36m304 [0m11.032 ms - -[0m
[0mGET /stylesheets/style.css [32m200 [0m0.456 ms - 661[0m
[0mGET / [36m304 [0m10.356 ms - -[0m
[0mGET /stylesheets/style.css [36m304 [0m0.323 ms - -[0m
[0mGET / [36m304 [0m9.513 ms - -[0m
[0mGET /stylesheets/style.css [32m200 [0m0.419 ms - 661[0m
[0mGET / [36m304 [0m8.281 ms - -[0m
[0mGET /stylesheets/style.css [32m200 [0m0.432 ms - 655[0m
[0mGET /stylesheets/style.css [36m304 [0m1.404 ms - -[0m
[0mGET / [32m200 [0m8.311 ms - 468[0m
[0mGET / [36m304 [0m7.927 ms - -[0m
[0mGET /stylesheets/style.css [32m200 [0m0.409 ms - 716[0m
[0mGET / [36m304 [0m7.935 ms - -[0m
[0mGET /stylesheets/style.css [32m200 [0m0.513 ms - 719[0m
[0mGET / [36m304 [0m13.686 ms - -[0m
[0mGET /stylesheets/style.css [36m304 [0m0.329 ms - -[0m
[0mGET /stylesheets/style.css [36m304 [0m0.376 ms - -[0m
[0mGET /stylesheets/itphotos.com/5750784/9347/v/950/depositphotos_93477414-stock-illustration-seamless-floral-vector-pattern-symmetrical.jpg [33m404 [0m4.736 ms - 910[0m
[0mGET /stylesheets/itphotos.com/5750784/934/v/950/depositphotos_93477414-stock-illustration-seamless-floral-vector-pattern-symmetrical.jpg [33m404 [0m5.142 ms - 910[0m
[0mGET /stylesheets/itphotos.com/5750784/9/v/950/depositphotos_93477414-stock-illustration-seamless-floral-vector-pattern-symmetrical.jpg [33m404 [0m2.370 ms - 910[0m
[0mGET /stylesheets/itphotos.com/5/v/950/depositphotos_93477414-stock-illustration-seamless-floral-vector-pattern-symmetrical.jpg [33m404 [0m2.272 ms - 910[0m
[0mGET /stylesheets/itphotos.co/v/950/depositphotos_93477414-stock-illustration-seamless-floral-vector-pattern-symmetrical.jpg [33m404 [0m2.789 ms - 910[0m
[0mGET /stylesheets/itphotos.co/v/950/depositpotos_93477414-stock-illustration-seamless-floral-vector-pattern-symmetrical.jpg [33m404 [0m2.611 ms - 910[0m
[0mGET /stylesheets/itphotos.co/v/950/deposotos_93477414-stock-illustration-seamless-floral-vector-pattern-symmetrical.jpg [33m404 [0m4.482 ms - 910[0m
[0mGET /stylesheets/itphotos.co/v/9otos_93477414-stock-illustration-seamless-floral-vector-pattern-symmetrical.jpg [33m404 [0m2.835 ms - 910[0m
[0mGET /stylesheets/itphotosotos_93477414-stock-illustration-seamless-floral-vector-pattern-symmetrical.jpg [33m404 [0m2.064 ms - 910[0m
[0mGET /stylesheets/itpotos_93477414-stock-illustration-seamless-floral-vector-pattern-symmetrical.jpg [33m404 [0m7.244 ms - 910[0m
[0mGET /stylesheets/itpotos_93477414-stock-illusration-seamless-floral-vector-pattern-symmetrical.jpg [33m404 [0m3.232 ms - 910[0m
[0mGET /stylesheets/itpotos_93477414-stock-ilration-seamless-floral-vector-pattern-symmetrical.jpg [33m404 [0m2.472 ms - 910[0m
[0mGET /stylesheets/itpotos_93477414-sration-seamless-floral-vector-pattern-symmetrical.jpg [33m404 [0m2.524 ms - 910[0m
[0mGET /stylesheets/itpotos_93477414-sration-seamless-floral-vector-pttern-symmetrical.jpg [33m404 [0m2.553 ms - 910[0m
[0mGET /stylesheets/itpotos_93477414-sration-seamless-floral-vectttern-symmetrical.jpg [33m404 [0m2.404 ms - 910[0m
[0mGET /stylesheets/itpotos_93477414-sration-seamless-flttern-symmetrical.jpg [33m404 [0m2.721 ms - 910[0m
[0mGET /stylesheets/itpotos_93477414-sration-seamttern-symmetrical.jpg [33m404 [0m2.221 ms - 910[0m
[0mGET /stylesheets/itpotos_93477414-sratittern-symmetrical.jpg [33m404 [0m2.118 ms - 910[0m
[0mGET /stylesheets/itpotos_9347741ttern-symmetrical.jpg [33m404 [0m2.512 ms - 910[0m
[0mGET /stylesheets/itpotos_9347ttern-symmetrical.jpg [33m404 [0m2.200 ms - 910[0m
[0mGET /stylesheets/itpotos_9347ttern-symmetrical.jp [33m404 [0m17.407 ms - 910[0m
[0mGET /stylesheets/itpotos_9347ttern-symmetrical. [33m404 [0m3.583 ms - 910[0m
[0mGET /stylesheets/itpotos_9347ttern-symm [33m404 [0m2.901 ms - 910[0m
[0mGET /stylesheets/itpotos_9347tte [33m404 [0m2.817 ms - 910[0m
[0mGET /stylesheets/itpotos_ [33m404 [0m4.118 ms - 910[0m
[0mGET /stylesheets/itpoto [33m404 [0m2.534 ms - 910[0m
[0mGET /stylesheets/itpot [33m404 [0m2.532 ms - 910[0m
[0mGET /stylesheets/itp [33m404 [0m2.319 ms - 910[0m
[0mGET /stylesheets/it [33m404 [0m2.317 ms - 910[0m
[0mGET /stylesheets/i [33m404 [0m3.010 ms - 910[0m
[0mGET /stylesheets/style.css [36m304 [0m0.252 ms - -[0m
[0mGET / [36m304 [0m10.702 ms - -[0m
[0mGET /stylesheets/style.css [32m200 [0m0.438 ms - 747[0m
[0mGET / [36m304 [0m8.212 ms - -[0m
[0mGET /stylesheets/style.css [32m200 [0m0.517 ms - 723[0m
[0mGET / [36m304 [0m6.925 ms - -[0m
[0mGET /stylesheets/style.css [32m200 [0m0.425 ms - 751[0m
[0mGET / [36m304 [0m7.684 ms - -[0m
[0mGET /stylesheets/style.css [32m200 [0m0.370 ms - 752[0m
[0mGET / [36m304 [0m6.597 ms - -[0m
[0mGET /stylesheets/style.css [32m200 [0m0.409 ms - 753[0m
[0mGET /stylesheets/style.css [36m304 [0m0.403 ms - -[0m
[0mGET / [36m304 [0m7.136 ms - -[0m
[0mGET /stylesheets/style.css [32m200 [0m0.494 ms - 753[0m
[0mGET /blog-list [32m200 [0m11.043 ms - 430[0m
[0mGET /stylesheets/style.css [36m304 [0m0.293 ms - -[0m
[0mGET / [36m304 [0m7.467 ms - -[0m
[0mGET /stylesheets/style.css [36m304 [0m0.300 ms - -[0m
[0mGET /blog-list [36m304 [0m6.723 ms - -[0m
[0mGET /stylesheets/style.css [36m304 [0m0.222 ms - -[0m
[0mGET /blog-add [32m200 [0m7.329 ms - 418[0m
[0mGET /stylesheets/style.css [36m304 [0m0.274 ms - -[0m
[0mGET / [36m304 [0m7.439 ms - -[0m
[0mGET /stylesheets/style.css [36m304 [0m0.295 ms - -[0m
[0mGET /blog-list [36m304 [0m7.767 ms - -[0m
[0mGET /stylesheets/style.css [36m304 [0m0.307 ms - -[0m
[0mGET / [36m304 [0m15.382 ms - -[0m
[0mGET /stylesheets/style.css [36m304 [0m0.338 ms - -[0m
[0mGET / [36m304 [0m24.206 ms - -[0m
[0mGET /stylesheets/style.css [32m200 [0m0.554 ms - 753[0m
[0mGET /stylesheets/style.css [36m304 [0m0.383 ms - -[0m
[0mGET / [36m304 [0m10.057 ms - -[0m
[0mGET /stylesheets/style.css [32m200 [0m0.373 ms - 797[0m
[0mGET /blog-list [36m304 [0m12.327 ms - -[0m
[0mGET /stylesheets/style.css [36m304 [0m0.263 ms - -[0m
[0mGET /blog-add [36m304 [0m11.689 ms - -[0m
[0mGET /stylesheets/style.css [36m304 [0m1.959 ms - -[0m
[0mGET / [36m304 [0m11.815 ms - -[0m
[0mGET /stylesheets/style.css [36m304 [0m0.290 ms - -[0m
[0mGET /blog-list [36m304 [0m6.909 ms - -[0m
[0mGET /stylesheets/style.css [36m304 [0m0.307 ms - -[0m
[0mGET / [36m304 [0m8.375 ms - -[0m
[0mGET /stylesheets/style.css [36m304 [0m0.265 ms - -[0m
[0mGET / [32m200 [0m14.517 ms - 468[0m
[0mGET / [36m304 [0m8.290 ms - -[0m
[0mGET /stylesheets/style.css [32m200 [0m0.373 ms - 867[0m
[0mGET / [36m304 [0m15.856 ms - -[0m
[0mGET /stylesheets/style.css [36m304 [0m0.287 ms - -[0m
[0mGET /blog-list [36m304 [0m7.442 ms - -[0m
[0mGET /stylesheets/style.css [36m304 [0m0.268 ms - -[0m
[0mGET / [36m304 [0m14.696 ms - -[0m
[0mGET /stylesheets/style.css [36m304 [0m0.301 ms - -[0m
[0mGET /blog-add [36m304 [0m6.618 ms - -[0m
[0mGET /stylesheets/style.css [36m304 [0m0.285 ms - -[0m
[0mGET / [36m304 [0m7.324 ms - -[0m
[0mGET /stylesheets/style.css [36m304 [0m0.295 ms - -[0m
[0mGET / [36m304 [0m6.131 ms - -[0m
[0mGET /stylesheets/style.css [36m304 [0m0.289 ms - -[0m
[0mGET / [36m304 [0m7.261 ms - -[0m
[0mGET /stylesheets/style.css [32m200 [0m0.371 ms - 871[0m
[0mGET /blog-list [36m304 [0m6.953 ms - -[0m
[0mGET /stylesheets/style.css [36m304 [0m0.335 ms - -[0m
[0mGET / [36m304 [0m11.590 ms - -[0m
[0mGET /stylesheets/style.css [36m304 [0m0.295 ms - -[0m
[0mGET /blog-list [36m304 [0m13.563 ms - -[0m
[0mGET /stylesheets/style.css [36m304 [0m0.308 ms - -[0m
[0mGET / [36m304 [0m10.378 ms - -[0m
[0mGET /stylesheets/style.css [36m304 [0m0.323 ms - -[0m
[0mGET /blog-list [36m304 [0m9.523 ms - -[0m
[0mGET /stylesheets/style.css [36m304 [0m0.263 ms - -[0m
[0mGET /blog-list [36m304 [0m6.676 ms - -[0m
[0mGET /stylesheets/style.css [32m200 [0m0.477 ms - 867[0m
[0mGET / [36m304 [0m5.999 ms - -[0m
[0mGET /stylesheets/style.css [36m304 [0m0.234 ms - -[0m
[0mGET /blog-list [36m304 [0m5.619 ms - -[0m
[0mGET /stylesheets/style.css [36m304 [0m0.271 ms - -[0m
[0mGET /blog-add [36m304 [0m5.596 ms - -[0m
[0mGET /stylesheets/style.css [36m304 [0m0.279 ms - -[0m
[0mGET / [36m304 [0m6.560 ms - -[0m
[0mGET /stylesheets/style.css [36m304 [0m0.254 ms - -[0m
[0mGET /blog-list [36m304 [0m10.129 ms - -[0m
[0mGET /stylesheets/style.css [36m304 [0m0.238 ms - -[0m
[0mGET / [36m304 [0m7.136 ms - -[0m
[0mGET /stylesheets/style.css [36m304 [0m0.268 ms - -[0m
[0mGET /blog-list [36m304 [0m7.861 ms - -[0m
[0mGET /stylesheets/style.css [36m304 [0m0.266 ms - -[0m
[0mGET / [36m304 [0m6.950 ms - -[0m
[0mGET /stylesheets/style.css [36m304 [0m0.282 ms - -[0m
[0mGET /blog-list [36m304 [0m6.855 ms - -[0m
[0mGET /stylesheets/style.css [36m304 [0m0.258 ms - -[0m
[0mGET /blog-list [36m304 [0m6.130 ms - -[0m
[0mGET /stylesheets/style.css [32m200 [0m0.404 ms - 883[0m
[0mGET / [36m304 [0m6.942 ms - -[0m
[0mGET /stylesheets/style.css [36m304 [0m0.587 ms - -[0m
[0mGET /blog-list [36m304 [0m16.184 ms - -[0m
[0mGET /stylesheets/style.css [36m304 [0m0.377 ms - -[0m
[0mGET /blog-add [36m304 [0m9.166 ms - -[0m
[0mGET /stylesheets/style.css [36m304 [0m0.322 ms - -[0m
[0mGET / [36m304 [0m7.236 ms - -[0m
[0mGET /stylesheets/style.css [36m304 [0m0.890 ms - -[0m
[0mGET /moo [33m404 [0m3.442 ms - 910[0m
[0mGET / [32m200 [0m40.290 ms - 468[0m
[0mGET / [32m200 [0m25.531 ms - 468[0m
[0mGET / [32m200 [0m7.745 ms - 468[0m
[0mGET / [36m304 [0m8.241 ms - -[0m
[0mGET /stylesheets/style.css [36m304 [0m1.188 ms - -[0m
[0mGET /blog-add [36m304 [0m9.126 ms - -[0m
[0mGET /stylesheets/style.css [36m304 [0m0.294 ms - -[0m
[0mGET /blog-list [36m304 [0m8.007 ms - -[0m
[0mGET /stylesheets/style.css [36m304 [0m0.282 ms - -[0m
[0mGET / [36m304 [0m6.230 ms - -[0m
[0mGET /stylesheets/style.css [36m304 [0m0.282 ms - -[0m
[0mGET / [36m304 [0m17.556 ms - -[0m
[0mGET /stylesheets/style.css [36m304 [0m0.247 ms - -[0m
[0mGET / [36m304 [0m6.625 ms - -[0m
[0mGET /stylesheets/style.css [36m304 [0m0.325 ms - -[0m
[0mGET / [36m304 [0m12.595 ms - -[0m
[0mGET /stylesheets/style.css [36m304 [0m0.264 ms - -[0m

> blogger@0.0.0 start /home/bitnami/Blogger
> node ./bin/www

/home/bitnami/Blogger/app_server/models/locations.js:1
(function (exports, require, module, __filename, __dirname) { chema = new mongoose.Schema({
                                                              ^

ReferenceError: mongoose is not defined
    at Object.<anonymous> (/home/bitnami/Blogger/app_server/models/locations.js:1:63)
    at Module._compile (module.js:652:30)
    at Object.Module._extensions..js (module.js:663:10)
    at Module.load (module.js:565:32)
    at tryModuleLoad (module.js:505:12)
    at Function.Module._load (module.js:497:3)
    at Module.require (module.js:596:17)
    at require (internal/module.js:11:18)
    at Object.<anonymous> (/home/bitnami/Blogger/app_server/models/db.js:46:1)
    at Module._compile (module.js:652:30)
    at Object.Module._extensions..js (module.js:663:10)
    at Module.load (module.js:565:32)
    at tryModuleLoad (module.js:505:12)
    at Function.Module._load (module.js:497:3)
    at Module.require (module.js:596:17)
    at require (internal/module.js:11:18)
npm ERR! code ELIFECYCLE
npm ERR! errno 1
npm ERR! blogger@0.0.0 start: `node ./bin/www`
npm ERR! Exit status 1
npm ERR! 
npm ERR! Failed at the blogger@0.0.0 start script.
npm ERR! This is probably not a problem with npm. There is likely additional logging output above.

npm ERR! A complete log of this run can be found in:
npm ERR!     /home/bitnami/.npm/_logs/2019-02-18T20_49_07_820Z-debug.log
